<?xml version="1.0" encoding="UTF-8"?>
<!-- Generated by org.testng.reporters.JUnitXMLReporter -->
<testsuite hostname="SHMITTAL-W7-4" ignored="0" name="Default test" tests="7" failures="0" timestamp="20 Jun 2018 15:57:05 GMT" time="56.52" errors="0">
  <testcase name="updateComputerAddAllDetails" time="7.738" classname="functional.UpdateCreatedComputer"/>
  <testcase name="updateComputerModifyAllDetails" time="6.637" classname="functional.UpdateCreatedComputer"/>
  <testcase name="updateComputerRemoveCompanyAndDates" time="7.767" classname="functional.UpdateCreatedComputer"/>
  <testcase name="updateComputerWithBlankName" time="4.991" classname="functional.UpdateCreatedComputer"/>
  <testcase name="updateComputerWithDuplicateName" time="8.43" classname="functional.UpdateCreatedComputer"/>
  <testcase name="updateComputerWithNewName" time="5.606" classname="functional.UpdateCreatedComputer"/>
  <testcase name="updateComputerWithoutChanges" time="5.515" classname="functional.UpdateCreatedComputer"/>
</testsuite> <!-- Default test -->
